[0808/130143.273:INFO:CONSOLE(1)] "Long rAF frame-time", source: file:///C:/Program%20Files/Adobe/Adobe%20Photoshop%202020/Required/www-rich-tooltips/build/external.js (1)
[0808/135321.428:WARNING:dns_config_service_win.cc(715)] Failed to read DnsHosts.
[0808/135321.451:WARNING:dns_config_service_win.cc(715)] Failed to read DnsHosts.
[0808/135321.485:WARNING:dns_config_service_win.cc(715)] Failed to read DnsHosts.
[0808/135321.488:WARNING:dns_config_service_win.cc(715)] Failed to read DnsHosts.
[0808/135321.506:WARNING:dns_config_service_win.cc(715)] Failed to read DnsHosts.
[0808/135321.534:WARNING:dns_config_service_win.cc(715)] Failed to read DnsHosts.
[0808/135321.535:WARNING:dns_config_service_win.cc(715)] Failed to read DnsHosts.
[0808/135321.569:WARNING:dns_config_service_win.cc(715)] Failed to read DnsHosts.
[0808/135321.647:WARNING:dns_config_service_win.cc(715)] Failed to read DnsHosts.
[0808/135321.716:WARNING:dns_config_service_win.cc(715)] Failed to read DnsHosts.
[0808/135321.780:WARNING:dns_config_service_win.cc(715)] Failed to read DnsHosts.
[0808/135321.829:WARNING:dns_config_service_win.cc(715)] Failed to read DnsHosts.
[0808/135321.923:WARNING:dns_config_service_win.cc(715)] Failed to read DnsHosts.
[0808/135322.130:WARNING:dns_config_service_win.cc(715)] Failed to read DnsHosts.
[0808/135322.148:WARNING:dns_config_service_win.cc(715)] Failed to read DnsHosts.
[0808/141630.411:WARNING:dns_config_service_win.cc(668)] Failed to read DnsConfig.
[0808/141635.423:WARNING:dns_config_service_win.cc(668)] Failed to read DnsConfig.
[0808/141640.434:WARNING:dns_config_service_win.cc(668)] Failed to read DnsConfig.
[0808/141645.449:WARNING:dns_config_service_win.cc(668)] Failed to read DnsConfig.
[0808/141650.457:WARNING:dns_config_service_win.cc(668)] Failed to read DnsConfig.
[0808/141655.474:WARNING:dns_config_service_win.cc(668)] Failed to read DnsConfig.
[0808/141700.486:WARNING:dns_config_service_win.cc(668)] Failed to read DnsConfig.
[0808/141705.499:WARNING:dns_config_service_win.cc(668)] Failed to read DnsConfig.
[0808/141710.523:WARNING:dns_config_service_win.cc(668)] Failed to read DnsConfig.
[0808/141715.543:WARNING:dns_config_service_win.cc(668)] Failed to read DnsConfig.
[0808/141720.562:WARNING:dns_config_service_win.cc(668)] Failed to read DnsConfig.
[0808/141725.574:WARNING:dns_config_service_win.cc(668)] Failed to read DnsConfig.
[0808/141730.586:WARNING:dns_config_service_win.cc(668)] Failed to read DnsConfig.
[0808/141735.610:WARNING:dns_config_service_win.cc(668)] Failed to read DnsConfig.
[0808/141740.625:WARNING:dns_config_service_win.cc(668)] Failed to read DnsConfig.
[0808/141745.639:WARNING:dns_config_service_win.cc(668)] Failed to read DnsConfig.
[0808/141750.655:WARNING:dns_config_service_win.cc(668)] Failed to read DnsConfig.
[0808/141755.678:WARNING:dns_config_service_win.cc(668)] Failed to read DnsConfig.
[0808/141800.701:WARNING:dns_config_service_win.cc(668)] Failed to read DnsConfig.
[0808/141805.720:WARNING:dns_config_service_win.cc(668)] Failed to read DnsConfig.
[0808/141810.734:WARNING:dns_config_service_win.cc(668)] Failed to read DnsConfig.
[0808/141815.755:WARNING:dns_config_service_win.cc(668)] Failed to read DnsConfig.
[0808/141820.770:WARNING:dns_config_service_win.cc(668)] Failed to read DnsConfig.
[0808/141825.793:WARNING:dns_config_service_win.cc(668)] Failed to read DnsConfig.
[0808/141830.805:WARNING:dns_config_service_win.cc(668)] Failed to read DnsConfig.
[0808/141835.826:WARNING:dns_config_service_win.cc(668)] Failed to read DnsConfig.
[0808/141840.843:WARNING:dns_config_service_win.cc(668)] Failed to read DnsConfig.
[0808/141845.859:WARNING:dns_config_service_win.cc(668)] Failed to read DnsConfig.
[0808/141850.874:WARNING:dns_config_service_win.cc(668)] Failed to read DnsConfig.
[0808/141855.891:WARNING:dns_config_service_win.cc(668)] Failed to read DnsConfig.
[0808/141900.909:WARNING:dns_config_service_win.cc(668)] Failed to read DnsConfig.
[0808/141905.932:WARNING:dns_config_service_win.cc(668)] Failed to read DnsConfig.
[0808/141910.947:WARNING:dns_config_service_win.cc(668)] Failed to read DnsConfig.
[0808/141915.974:WARNING:dns_config_service_win.cc(668)] Failed to read DnsConfig.
[0808/141920.988:WARNING:dns_config_service_win.cc(668)] Failed to read DnsConfig.
[0808/141926.010:WARNING:dns_config_service_win.cc(668)] Failed to read DnsConfig.
[0808/141931.031:WARNING:dns_config_service_win.cc(668)] Failed to read DnsConfig.
[0808/141936.045:WARNING:dns_config_service_win.cc(668)] Failed to read DnsConfig.
[0808/141941.059:WARNING:dns_config_service_win.cc(668)] Failed to read DnsConfig.
[0808/141946.067:WARNING:dns_config_service_win.cc(668)] Failed to read DnsConfig.
[0808/141951.081:WARNING:dns_config_service_win.cc(668)] Failed to read DnsConfig.
[0808/141956.087:WARNING:dns_config_service_win.cc(668)] Failed to read DnsConfig.
[0808/142001.100:WARNING:dns_config_service_win.cc(668)] Failed to read DnsConfig.
[0808/142006.123:WARNING:dns_config_service_win.cc(668)] Failed to read DnsConfig.
[0808/142011.140:WARNING:dns_config_service_win.cc(668)] Failed to read DnsConfig.
[0808/142016.152:WARNING:dns_config_service_win.cc(668)] Failed to read DnsConfig.
[0808/142021.172:WARNING:dns_config_service_win.cc(668)] Failed to read DnsConfig.
[0808/142026.191:WARNING:dns_config_service_win.cc(668)] Failed to read DnsConfig.
[0808/142031.208:WARNING:dns_config_service_win.cc(668)] Failed to read DnsConfig.
[0808/142036.219:WARNING:dns_config_service_win.cc(668)] Failed to read DnsConfig.
[0808/142041.230:WARNING:dns_config_service_win.cc(668)] Failed to read DnsConfig.
[0808/142046.250:WARNING:dns_config_service_win.cc(668)] Failed to read DnsConfig.
[0808/142051.268:WARNING:dns_config_service_win.cc(668)] Failed to read DnsConfig.
[0808/142056.288:WARNING:dns_config_service_win.cc(668)] Failed to read DnsConfig.
[0808/142101.304:WARNING:dns_config_service_win.cc(668)] Failed to read DnsConfig.
[0808/142106.318:WARNING:dns_config_service_win.cc(668)] Failed to read DnsConfig.
[0808/142111.333:WARNING:dns_config_service_win.cc(668)] Failed to read DnsConfig.
[0808/142116.345:WARNING:dns_config_service_win.cc(668)] Failed to read DnsConfig.
[0808/142121.361:WARNING:dns_config_service_win.cc(668)] Failed to read DnsConfig.
[0808/142126.369:WARNING:dns_config_service_win.cc(668)] Failed to read DnsConfig.
[0808/142131.388:WARNING:dns_config_service_win.cc(668)] Failed to read DnsConfig.
[0808/142136.409:WARNING:dns_config_service_win.cc(668)] Failed to read DnsConfig.
[0808/142141.423:WARNING:dns_config_service_win.cc(668)] Failed to read DnsConfig.
[0808/142146.431:WARNING:dns_config_service_win.cc(668)] Failed to read DnsConfig.
[0808/142151.439:WARNING:dns_config_service_win.cc(668)] Failed to read DnsConfig.
[0808/142156.454:WARNING:dns_config_service_win.cc(668)] Failed to read DnsConfig.
[0808/142201.470:WARNING:dns_config_service_win.cc(668)] Failed to read DnsConfig.
[0808/142206.492:WARNING:dns_config_service_win.cc(668)] Failed to read DnsConfig.
[0808/142211.517:WARNING:dns_config_service_win.cc(668)] Failed to read DnsConfig.
[0808/142216.535:WARNING:dns_config_service_win.cc(668)] Failed to read DnsConfig.
[0808/142221.550:WARNING:dns_config_service_win.cc(668)] Failed to read DnsConfig.
[0808/142226.573:WARNING:dns_config_service_win.cc(668)] Failed to read DnsConfig.
[0808/142231.592:WARNING:dns_config_service_win.cc(668)] Failed to read DnsConfig.
[0808/142236.606:WARNING:dns_config_service_win.cc(668)] Failed to read DnsConfig.
[0808/142241.630:WARNING:dns_config_service_win.cc(668)] Failed to read DnsConfig.
[0808/142246.648:WARNING:dns_config_service_win.cc(668)] Failed to read DnsConfig.
[0808/142251.677:WARNING:dns_config_service_win.cc(668)] Failed to read DnsConfig.
[0808/142256.696:WARNING:dns_config_service_win.cc(668)] Failed to read DnsConfig.
[0808/142301.706:WARNING:dns_config_service_win.cc(668)] Failed to read DnsConfig.
[0808/142306.724:WARNING:dns_config_service_win.cc(668)] Failed to read DnsConfig.
[0808/142311.738:WARNING:dns_config_service_win.cc(668)] Failed to read DnsConfig.
[0808/142316.758:WARNING:dns_config_service_win.cc(668)] Failed to read DnsConfig.
[0808/142321.766:WARNING:dns_config_service_win.cc(668)] Failed to read DnsConfig.
[0808/142326.781:WARNING:dns_config_service_win.cc(668)] Failed to read DnsConfig.
[0808/142331.802:WARNING:dns_config_service_win.cc(668)] Failed to read DnsConfig.
[0808/142336.815:WARNING:dns_config_service_win.cc(668)] Failed to read DnsConfig.
[0808/142341.827:WARNING:dns_config_service_win.cc(668)] Failed to read DnsConfig.
[0808/142346.849:WARNING:dns_config_service_win.cc(668)] Failed to read DnsConfig.
[0808/142351.861:WARNING:dns_config_service_win.cc(668)] Failed to read DnsConfig.
[0808/142356.875:WARNING:dns_config_service_win.cc(668)] Failed to read DnsConfig.
[0808/142401.889:WARNING:dns_config_service_win.cc(668)] Failed to read DnsConfig.
[0808/142406.914:WARNING:dns_config_service_win.cc(668)] Failed to read DnsConfig.
[0808/142411.934:WARNING:dns_config_service_win.cc(668)] Failed to read DnsConfig.
[0808/142416.950:WARNING:dns_config_service_win.cc(668)] Failed to read DnsConfig.
[0808/142421.973:WARNING:dns_config_service_win.cc(668)] Failed to read DnsConfig.
[0808/142426.982:WARNING:dns_config_service_win.cc(668)] Failed to read DnsConfig.
[0808/142432.001:WARNING:dns_config_service_win.cc(668)] Failed to read DnsConfig.
[0808/142437.025:WARNING:dns_config_service_win.cc(668)] Failed to read DnsConfig.
[0808/142442.048:WARNING:dns_config_service_win.cc(668)] Failed to read DnsConfig.
[0808/142447.071:WARNING:dns_config_service_win.cc(668)] Failed to read DnsConfig.
[0808/142452.087:WARNING:dns_config_service_win.cc(668)] Failed to read DnsConfig.
[0808/142457.109:WARNING:dns_config_service_win.cc(668)] Failed to read DnsConfig.
[0808/142502.129:WARNING:dns_config_service_win.cc(668)] Failed to read DnsConfig.
[0808/142507.148:WARNING:dns_config_service_win.cc(668)] Failed to read DnsConfig.
[0808/142512.172:WARNING:dns_config_service_win.cc(668)] Failed to read DnsConfig.
[0808/142517.185:WARNING:dns_config_service_win.cc(668)] Failed to read DnsConfig.
[0808/142522.209:WARNING:dns_config_service_win.cc(668)] Failed to read DnsConfig.
[0808/142527.230:WARNING:dns_config_service_win.cc(668)] Failed to read DnsConfig.
[0808/142532.246:WARNING:dns_config_service_win.cc(668)] Failed to read DnsConfig.
[0808/142537.260:WARNING:dns_config_service_win.cc(668)] Failed to read DnsConfig.
[0808/142542.282:WARNING:dns_config_service_win.cc(668)] Failed to read DnsConfig.
[0808/142547.299:WARNING:dns_config_service_win.cc(668)] Failed to read DnsConfig.
[0808/142552.313:WARNING:dns_config_service_win.cc(668)] Failed to read DnsConfig.
[0808/142557.343:WARNING:dns_config_service_win.cc(668)] Failed to read DnsConfig.
[0808/142602.356:WARNING:dns_config_service_win.cc(668)] Failed to read DnsConfig.
[0808/142607.369:WARNING:dns_config_service_win.cc(668)] Failed to read DnsConfig.
[0808/142612.387:WARNING:dns_config_service_win.cc(668)] Failed to read DnsConfig.
[0808/142617.410:WARNING:dns_config_service_win.cc(668)] Failed to read DnsConfig.
[0808/142622.423:WARNING:dns_config_service_win.cc(668)] Failed to read DnsConfig.
[0808/142627.454:WARNING:dns_config_service_win.cc(668)] Failed to read DnsConfig.
[0808/142632.462:WARNING:dns_config_service_win.cc(668)] Failed to read DnsConfig.
[0808/142637.492:WARNING:dns_config_service_win.cc(668)] Failed to read DnsConfig.
[0808/142642.504:WARNING:dns_config_service_win.cc(668)] Failed to read DnsConfig.
[0808/142647.534:WARNING:dns_config_service_win.cc(668)] Failed to read DnsConfig.
[0808/142652.561:WARNING:dns_config_service_win.cc(668)] Failed to read DnsConfig.
[0808/142657.582:WARNING:dns_config_service_win.cc(668)] Failed to read DnsConfig.
[0808/142702.599:WARNING:dns_config_service_win.cc(668)] Failed to read DnsConfig.
[0808/142707.625:WARNING:dns_config_service_win.cc(668)] Failed to read DnsConfig.
[0808/142712.629:WARNING:dns_config_service_win.cc(668)] Failed to read DnsConfig.
[0808/142717.658:WARNING:dns_config_service_win.cc(668)] Failed to read DnsConfig.
[0808/142722.670:WARNING:dns_config_service_win.cc(668)] Failed to read DnsConfig.
[0808/142727.688:WARNING:dns_config_service_win.cc(668)] Failed to read DnsConfig.
[0808/142732.711:WARNING:dns_config_service_win.cc(668)] Failed to read DnsConfig.
[0808/142737.735:WARNING:dns_config_service_win.cc(668)] Failed to read DnsConfig.
[0808/142742.758:WARNING:dns_config_service_win.cc(668)] Failed to read DnsConfig.
[0808/142747.763:WARNING:dns_config_service_win.cc(668)] Failed to read DnsConfig.
[0808/142752.781:WARNING:dns_config_service_win.cc(668)] Failed to read DnsConfig.
[0808/142757.795:WARNING:dns_config_service_win.cc(668)] Failed to read DnsConfig.
[0808/142802.825:WARNING:dns_config_service_win.cc(668)] Failed to read DnsConfig.
[0808/142807.837:WARNING:dns_config_service_win.cc(668)] Failed to read DnsConfig.
[0808/142812.866:WARNING:dns_config_service_win.cc(668)] Failed to read DnsConfig.
[0808/142817.887:WARNING:dns_config_service_win.cc(668)] Failed to read DnsConfig.
[0808/142822.896:WARNING:dns_config_service_win.cc(668)] Failed to read DnsConfig.
[0808/142827.932:WARNING:dns_config_service_win.cc(668)] Failed to read DnsConfig.
[0808/142832.956:WARNING:dns_config_service_win.cc(668)] Failed to read DnsConfig.
[0808/142837.966:WARNING:dns_config_service_win.cc(668)] Failed to read DnsConfig.
[0808/142842.989:WARNING:dns_config_service_win.cc(668)] Failed to read DnsConfig.
[0808/142848.001:WARNING:dns_config_service_win.cc(668)] Failed to read DnsConfig.
[0808/142853.027:WARNING:dns_config_service_win.cc(668)] Failed to read DnsConfig.
[0808/142858.039:WARNING:dns_config_service_win.cc(668)] Failed to read DnsConfig.
[0808/142903.072:WARNING:dns_config_service_win.cc(668)] Failed to read DnsConfig.
[0808/142908.076:WARNING:dns_config_service_win.cc(668)] Failed to read DnsConfig.
[0808/142913.097:WARNING:dns_config_service_win.cc(668)] Failed to read DnsConfig.
[0808/142918.111:WARNING:dns_config_service_win.cc(668)] Failed to read DnsConfig.
[0808/142923.126:WARNING:dns_config_service_win.cc(668)] Failed to read DnsConfig.
[0808/142928.139:WARNING:dns_config_service_win.cc(668)] Failed to read DnsConfig.
[0808/142933.156:WARNING:dns_config_service_win.cc(668)] Failed to read DnsConfig.
[0808/142938.183:WARNING:dns_config_service_win.cc(668)] Failed to read DnsConfig.
[0808/142943.200:WARNING:dns_config_service_win.cc(668)] Failed to read DnsConfig.
[0808/142948.208:WARNING:dns_config_service_win.cc(668)] Failed to read DnsConfig.
[0808/142953.226:WARNING:dns_config_service_win.cc(668)] Failed to read DnsConfig.
[0808/142958.246:WARNING:dns_config_service_win.cc(668)] Failed to read DnsConfig.
[0808/143003.263:WARNING:dns_config_service_win.cc(668)] Failed to read DnsConfig.
[0808/143008.279:WARNING:dns_config_service_win.cc(668)] Failed to read DnsConfig.
[0808/143013.306:WARNING:dns_config_service_win.cc(668)] Failed to read DnsConfig.
[0808/143018.310:WARNING:dns_config_service_win.cc(668)] Failed to read DnsConfig.
[0808/143023.330:WARNING:dns_config_service_win.cc(668)] Failed to read DnsConfig.
[0808/143028.343:WARNING:dns_config_service_win.cc(668)] Failed to read DnsConfig.
[0808/143033.354:WARNING:dns_config_service_win.cc(668)] Failed to read DnsConfig.
[0808/143038.358:WARNING:dns_config_service_win.cc(668)] Failed to read DnsConfig.
[0808/143043.371:WARNING:dns_config_service_win.cc(668)] Failed to read DnsConfig.
[0808/143048.383:WARNING:dns_config_service_win.cc(668)] Failed to read DnsConfig.
[0808/143053.396:WARNING:dns_config_service_win.cc(668)] Failed to read DnsConfig.
[0808/143058.408:WARNING:dns_config_service_win.cc(668)] Failed to read DnsConfig.
[0808/143103.441:WARNING:dns_config_service_win.cc(668)] Failed to read DnsConfig.
[0808/143108.456:WARNING:dns_config_service_win.cc(668)] Failed to read DnsConfig.
[0808/143113.471:WARNING:dns_config_service_win.cc(668)] Failed to read DnsConfig.
[0808/143118.487:WARNING:dns_config_service_win.cc(668)] Failed to read DnsConfig.
[0808/143123.507:WARNING:dns_config_service_win.cc(668)] Failed to read DnsConfig.
[0808/143128.525:WARNING:dns_config_service_win.cc(668)] Failed to read DnsConfig.
[0808/143133.541:WARNING:dns_config_service_win.cc(668)] Failed to read DnsConfig.
[0808/143138.575:WARNING:dns_config_service_win.cc(668)] Failed to read DnsConfig.
[0808/143143.590:WARNING:dns_config_service_win.cc(668)] Failed to read DnsConfig.
[0808/143148.610:WARNING:dns_config_service_win.cc(668)] Failed to read DnsConfig.
[0808/143153.637:WARNING:dns_config_service_win.cc(668)] Failed to read DnsConfig.
[0808/143158.653:WARNING:dns_config_service_win.cc(668)] Failed to read DnsConfig.
[0808/143203.685:WARNING:dns_config_service_win.cc(668)] Failed to read DnsConfig.
[0808/143208.705:WARNING:dns_config_service_win.cc(668)] Failed to read DnsConfig.
[0808/143213.721:WARNING:dns_config_service_win.cc(668)] Failed to read DnsConfig.
[0808/143218.730:WARNING:dns_config_service_win.cc(668)] Failed to read DnsConfig.
[0808/143223.740:WARNING:dns_config_service_win.cc(668)] Failed to read DnsConfig.
[0808/143228.771:WARNING:dns_config_service_win.cc(668)] Failed to read DnsConfig.
[0808/143233.783:WARNING:dns_config_service_win.cc(668)] Failed to read DnsConfig.
[0808/143238.796:WARNING:dns_config_service_win.cc(668)] Failed to read DnsConfig.
[0808/143243.804:WARNING:dns_config_service_win.cc(668)] Failed to read DnsConfig.
[0808/143248.824:WARNING:dns_config_service_win.cc(668)] Failed to read DnsConfig.
[0808/143253.839:WARNING:dns_config_service_win.cc(668)] Failed to read DnsConfig.
[0808/143258.867:WARNING:dns_config_service_win.cc(668)] Failed to read DnsConfig.
[0808/143303.882:WARNING:dns_config_service_win.cc(668)] Failed to read DnsConfig.
[0808/143308.900:WARNING:dns_config_service_win.cc(668)] Failed to read DnsConfig.
[0808/143313.912:WARNING:dns_config_service_win.cc(668)] Failed to read DnsConfig.
[0808/143318.930:WARNING:dns_config_service_win.cc(668)] Failed to read DnsConfig.
[0808/143323.963:WARNING:dns_config_service_win.cc(668)] Failed to read DnsConfig.
[0808/143328.974:WARNING:dns_config_service_win.cc(668)] Failed to read DnsConfig.
[0808/143333.990:WARNING:dns_config_service_win.cc(668)] Failed to read DnsConfig.
[0808/143338.999:WARNING:dns_config_service_win.cc(668)] Failed to read DnsConfig.
[0808/143344.013:WARNING:dns_config_service_win.cc(668)] Failed to read DnsConfig.
[0808/143349.033:WARNING:dns_config_service_win.cc(668)] Failed to read DnsConfig.
[0808/143354.048:WARNING:dns_config_service_win.cc(668)] Failed to read DnsConfig.
[0808/143359.070:WARNING:dns_config_service_win.cc(668)] Failed to read DnsConfig.
[0808/143404.082:WARNING:dns_config_service_win.cc(668)] Failed to read DnsConfig.
[0808/143409.113:WARNING:dns_config_service_win.cc(668)] Failed to read DnsConfig.
[0808/143414.125:WARNING:dns_config_service_win.cc(668)] Failed to read DnsConfig.
[0808/143419.139:WARNING:dns_config_service_win.cc(668)] Failed to read DnsConfig.
[0808/143424.162:WARNING:dns_config_service_win.cc(668)] Failed to read DnsConfig.
[0808/143429.185:WARNING:dns_config_service_win.cc(668)] Failed to read DnsConfig.
[0808/143434.201:WARNING:dns_config_service_win.cc(668)] Failed to read DnsConfig.
[0808/143439.226:WARNING:dns_config_service_win.cc(668)] Failed to read DnsConfig.
[0808/143444.253:WARNING:dns_config_service_win.cc(668)] Failed to read DnsConfig.
[0808/143449.271:WARNING:dns_config_service_win.cc(668)] Failed to read DnsConfig.
[0808/143454.285:WARNING:dns_config_service_win.cc(668)] Failed to read DnsConfig.
[0808/143459.300:WARNING:dns_config_service_win.cc(668)] Failed to read DnsConfig.
[0808/143504.324:WARNING:dns_config_service_win.cc(668)] Failed to read DnsConfig.
[0808/143509.347:WARNING:dns_config_service_win.cc(668)] Failed to read DnsConfig.
[0808/143514.357:WARNING:dns_config_service_win.cc(668)] Failed to read DnsConfig.
[0808/143519.373:WARNING:dns_config_service_win.cc(668)] Failed to read DnsConfig.
[0808/143524.391:WARNING:dns_config_service_win.cc(668)] Failed to read DnsConfig.
[0808/143529.407:WARNING:dns_config_service_win.cc(668)] Failed to read DnsConfig.
[0808/143534.421:WARNING:dns_config_service_win.cc(668)] Failed to read DnsConfig.
[0808/143539.440:WARNING:dns_config_service_win.cc(668)] Failed to read DnsConfig.
[0808/143544.465:WARNING:dns_config_service_win.cc(668)] Failed to read DnsConfig.
[0808/143549.472:WARNING:dns_config_service_win.cc(668)] Failed to read DnsConfig.
[0808/143554.488:WARNING:dns_config_service_win.cc(668)] Failed to read DnsConfig.
[0808/143559.496:WARNING:dns_config_service_win.cc(668)] Failed to read DnsConfig.
[0808/143604.518:WARNING:dns_config_service_win.cc(668)] Failed to read DnsConfig.
[0808/143609.525:WARNING:dns_config_service_win.cc(668)] Failed to read DnsConfig.
[0808/143614.554:WARNING:dns_config_service_win.cc(668)] Failed to read DnsConfig.
[0808/143619.562:WARNING:dns_config_service_win.cc(668)] Failed to read DnsConfig.
[0808/143624.573:WARNING:dns_config_service_win.cc(668)] Failed to read DnsConfig.
[0808/143629.586:WARNING:dns_config_service_win.cc(668)] Failed to read DnsConfig.
[0808/143634.613:WARNING:dns_config_service_win.cc(668)] Failed to read DnsConfig.
[0808/143639.631:WARNING:dns_config_service_win.cc(668)] Failed to read DnsConfig.
[0808/143644.648:WARNING:dns_config_service_win.cc(668)] Failed to read DnsConfig.
[0808/143649.658:WARNING:dns_config_service_win.cc(668)] Failed to read DnsConfig.
[0808/143654.665:WARNING:dns_config_service_win.cc(668)] Failed to read DnsConfig.
[0808/143659.676:WARNING:dns_config_service_win.cc(668)] Failed to read DnsConfig.
[0808/143704.696:WARNING:dns_config_service_win.cc(668)] Failed to read DnsConfig.
[0808/143709.706:WARNING:dns_config_service_win.cc(668)] Failed to read DnsConfig.
[0808/143714.717:WARNING:dns_config_service_win.cc(668)] Failed to read DnsConfig.
[0808/143719.723:WARNING:dns_config_service_win.cc(668)] Failed to read DnsConfig.
[0808/143724.742:WARNING:dns_config_service_win.cc(668)] Failed to read DnsConfig.
[0808/143729.757:WARNING:dns_config_service_win.cc(668)] Failed to read DnsConfig.
[0808/143734.782:WARNING:dns_config_service_win.cc(668)] Failed to read DnsConfig.
[0808/143739.791:WARNING:dns_config_service_win.cc(668)] Failed to read DnsConfig.
[0808/143744.804:WARNING:dns_config_service_win.cc(668)] Failed to read DnsConfig.
[0808/143749.821:WARNING:dns_config_service_win.cc(668)] Failed to read DnsConfig.
[0808/143754.829:WARNING:dns_config_service_win.cc(668)] Failed to read DnsConfig.
[0808/143759.854:WARNING:dns_config_service_win.cc(668)] Failed to read DnsConfig.
[0808/143804.867:WARNING:dns_config_service_win.cc(668)] Failed to read DnsConfig.
[0808/143809.883:WARNING:dns_config_service_win.cc(668)] Failed to read DnsConfig.
[0808/143814.900:WARNING:dns_config_service_win.cc(668)] Failed to read DnsConfig.
[0808/143819.916:WARNING:dns_config_service_win.cc(668)] Failed to read DnsConfig.
[0808/143824.935:WARNING:dns_config_service_win.cc(668)] Failed to read DnsConfig.
[0808/143827.667:WARNING:dns_config_service_win.cc(668)] Failed to read DnsConfig.
[0808/143829.957:WARNING:dns_config_service_win.cc(668)] Failed to read DnsConfig.
[0808/143832.682:WARNING:dns_config_service_win.cc(668)] Failed to read DnsConfig.
[0808/143834.973:WARNING:dns_config_service_win.cc(668)] Failed to read DnsConfig.
[0808/143837.696:WARNING:dns_config_service_win.cc(668)] Failed to read DnsConfig.
[0808/143839.989:WARNING:dns_config_service_win.cc(668)] Failed to read DnsConfig.
[0808/143842.714:WARNING:dns_config_service_win.cc(668)] Failed to read DnsConfig.
[0808/143845.001:WARNING:dns_config_service_win.cc(668)] Failed to read DnsConfig.
[0808/143847.733:WARNING:dns_config_service_win.cc(668)] Failed to read DnsConfig.
[0808/143850.024:WARNING:dns_config_service_win.cc(668)] Failed to read DnsConfig.
[0808/143852.754:WARNING:dns_config_service_win.cc(668)] Failed to read DnsConfig.
[0808/143855.040:WARNING:dns_config_service_win.cc(668)] Failed to read DnsConfig.
[0808/143857.767:WARNING:dns_config_service_win.cc(668)] Failed to read DnsConfig.
[0808/143900.047:WARNING:dns_config_service_win.cc(668)] Failed to read DnsConfig.
[0808/143902.784:WARNING:dns_config_service_win.cc(668)] Failed to read DnsConfig.
[0808/143905.063:WARNING:dns_config_service_win.cc(668)] Failed to read DnsConfig.
[0808/143907.797:WARNING:dns_config_service_win.cc(668)] Failed to read DnsConfig.
[0808/143910.074:WARNING:dns_config_service_win.cc(668)] Failed to read DnsConfig.
[0808/143912.829:WARNING:dns_config_service_win.cc(668)] Failed to read DnsConfig.
[0808/143915.088:WARNING:dns_config_service_win.cc(668)] Failed to read DnsConfig.
[0808/143917.849:WARNING:dns_config_service_win.cc(668)] Failed to read DnsConfig.
[0808/143920.106:WARNING:dns_config_service_win.cc(668)] Failed to read DnsConfig.
[0808/143922.869:WARNING:dns_config_service_win.cc(668)] Failed to read DnsConfig.
[0808/143925.127:WARNING:dns_config_service_win.cc(668)] Failed to read DnsConfig.
[0808/151303.538:WARNING:dns_config_service_win.cc(715)] Failed to read DnsHosts.
[0808/151303.660:WARNING:dns_config_service_win.cc(715)] Failed to read DnsHosts.
[0808/151303.663:WARNING:dns_config_service_win.cc(715)] Failed to read DnsHosts.
[0808/151303.866:WARNING:dns_config_service_win.cc(715)] Failed to read DnsHosts.
[0808/151303.874:WARNING:dns_config_service_win.cc(715)] Failed to read DnsHosts.
[0808/151303.908:WARNING:dns_config_service_win.cc(715)] Failed to read DnsHosts.
[0808/151303.910:WARNING:dns_config_service_win.cc(715)] Failed to read DnsHosts.
[0808/151303.960:WARNING:dns_config_service_win.cc(715)] Failed to read DnsHosts.
[0808/151303.966:WARNING:dns_config_service_win.cc(715)] Failed to read DnsHosts.
[0808/151304.098:WARNING:dns_config_service_win.cc(715)] Failed to read DnsHosts.
[0808/151304.164:WARNING:dns_config_service_win.cc(715)] Failed to read DnsHosts.
[0808/151304.166:WARNING:dns_config_service_win.cc(715)] Failed to read DnsHosts.
[0808/151304.196:WARNING:dns_config_service_win.cc(715)] Failed to read DnsHosts.
[0808/151304.222:WARNING:dns_config_service_win.cc(715)] Failed to read DnsHosts.
[0808/151304.225:WARNING:dns_config_service_win.cc(715)] Failed to read DnsHosts.
[0808/151304.271:WARNING:dns_config_service_win.cc(715)] Failed to read DnsHosts.
[0808/151304.277:WARNING:dns_config_service_win.cc(715)] Failed to read DnsHosts.
[0808/151304.280:WARNING:dns_config_service_win.cc(715)] Failed to read DnsHosts.
[0808/151304.317:WARNING:dns_config_service_win.cc(715)] Failed to read DnsHosts.
[0808/151304.363:WARNING:dns_config_service_win.cc(715)] Failed to read DnsHosts.
[0808/151304.365:WARNING:dns_config_service_win.cc(715)] Failed to read DnsHosts.
[0808/151304.415:WARNING:dns_config_service_win.cc(715)] Failed to read DnsHosts.
[0808/151304.447:WARNING:dns_config_service_win.cc(715)] Failed to read DnsHosts.
[0808/151304.472:WARNING:dns_config_service_win.cc(715)] Failed to read DnsHosts.
[0808/151304.548:WARNING:dns_config_service_win.cc(715)] Failed to read DnsHosts.
[0808/151304.550:WARNING:dns_config_service_win.cc(715)] Failed to read DnsHosts.
[0808/151304.612:WARNING:dns_config_service_win.cc(715)] Failed to read DnsHosts.
[0808/151304.673:WARNING:dns_config_service_win.cc(715)] Failed to read DnsHosts.
[0808/151304.768:WARNING:dns_config_service_win.cc(715)] Failed to read DnsHosts.
[0808/151304.868:WARNING:dns_config_service_win.cc(715)] Failed to read DnsHosts.
[0808/151304.926:WARNING:dns_config_service_win.cc(715)] Failed to read DnsHosts.
[0808/151304.928:WARNING:dns_config_service_win.cc(715)] Failed to read DnsHosts.
[0808/151305.205:WARNING:dns_config_service_win.cc(715)] Failed to read DnsHosts.
[0808/151305.260:WARNING:dns_config_service_win.cc(715)] Failed to read DnsHosts.
[0808/151305.334:WARNING:dns_config_service_win.cc(715)] Failed to read DnsHosts.
[0808/151305.337:WARNING:dns_config_service_win.cc(715)] Failed to read DnsHosts.
[0808/151305.352:WARNING:dns_config_service_win.cc(715)] Failed to read DnsHosts.
[0808/151305.375:WARNING:dns_config_service_win.cc(715)] Failed to read DnsHosts.
[0808/151305.492:WARNING:dns_config_service_win.cc(715)] Failed to read DnsHosts.
[0808/151305.496:WARNING:dns_config_service_win.cc(715)] Failed to read DnsHosts.
[0808/151305.520:WARNING:dns_config_service_win.cc(715)] Failed to read DnsHosts.
[0808/151305.520:WARNING:dns_config_service_win.cc(715)] Failed to read DnsHosts.
[0808/151305.540:WARNING:dns_config_service_win.cc(715)] Failed to read DnsHosts.
[0808/151305.573:WARNING:dns_config_service_win.cc(715)] Failed to read DnsHosts.
[0808/151305.685:WARNING:dns_config_service_win.cc(715)] Failed to read DnsHosts.
[0808/151305.759:WARNING:dns_config_service_win.cc(715)] Failed to read DnsHosts.
[0808/151305.771:WARNING:dns_config_service_win.cc(715)] Failed to read DnsHosts.
[0808/151305.787:WARNING:dns_config_service_win.cc(715)] Failed to read DnsHosts.
[0808/151305.792:WARNING:dns_config_service_win.cc(715)] Failed to read DnsHosts.
[0809/181413.974:WARNING:dns_config_service_win.cc(715)] Failed to read DnsHosts.
[0809/181414.088:WARNING:dns_config_service_win.cc(715)] Failed to read DnsHosts.
[0809/181414.145:WARNING:dns_config_service_win.cc(715)] Failed to read DnsHosts.
[0809/181414.204:WARNING:dns_config_service_win.cc(715)] Failed to read DnsHosts.
[0809/181414.206:WARNING:dns_config_service_win.cc(715)] Failed to read DnsHosts.
[0809/181414.243:WARNING:dns_config_service_win.cc(715)] Failed to read DnsHosts.
[0809/181414.274:WARNING:dns_config_service_win.cc(715)] Failed to read DnsHosts.
[0809/181414.370:WARNING:dns_config_service_win.cc(715)] Failed to read DnsHosts.
[0809/181414.413:WARNING:dns_config_service_win.cc(715)] Failed to read DnsHosts.
[0809/181414.414:WARNING:dns_config_service_win.cc(715)] Failed to read DnsHosts.
[0809/181414.464:WARNING:dns_config_service_win.cc(715)] Failed to read DnsHosts.
[0809/181414.563:WARNING:dns_config_service_win.cc(715)] Failed to read DnsHosts.
[0809/181414.581:WARNING:dns_config_service_win.cc(715)] Failed to read DnsHosts.
[0809/181414.585:WARNING:dns_config_service_win.cc(715)] Failed to read DnsHosts.
[0809/181414.704:WARNING:dns_config_service_win.cc(715)] Failed to read DnsHosts.
[0809/181414.706:WARNING:dns_config_service_win.cc(715)] Failed to read DnsHosts.
[0809/181414.730:WARNING:dns_config_service_win.cc(715)] Failed to read DnsHosts.
[0809/181414.748:WARNING:dns_config_service_win.cc(715)] Failed to read DnsHosts.
[0809/181414.789:WARNING:dns_config_service_win.cc(715)] Failed to read DnsHosts.
[0809/181414.840:WARNING:dns_config_service_win.cc(715)] Failed to read DnsHosts.
[0809/181414.841:WARNING:dns_config_service_win.cc(715)] Failed to read DnsHosts.
[0809/181414.885:WARNING:dns_config_service_win.cc(715)] Failed to read DnsHosts.
[0809/181414.888:WARNING:dns_config_service_win.cc(715)] Failed to read DnsHosts.
[0809/181414.950:WARNING:dns_config_service_win.cc(715)] Failed to read DnsHosts.
[0809/181414.983:WARNING:dns_config_service_win.cc(715)] Failed to read DnsHosts.
[0809/181415.083:WARNING:dns_config_service_win.cc(715)] Failed to read DnsHosts.
[0809/181415.107:WARNING:dns_config_service_win.cc(715)] Failed to read DnsHosts.
[0809/181415.130:WARNING:dns_config_service_win.cc(715)] Failed to read DnsHosts.
[0809/181415.131:WARNING:dns_config_service_win.cc(715)] Failed to read DnsHosts.
[0809/181415.164:WARNING:dns_config_service_win.cc(715)] Failed to read DnsHosts.
[0809/181415.266:WARNING:dns_config_service_win.cc(715)] Failed to read DnsHosts.
[0809/181415.470:WARNING:dns_config_service_win.cc(715)] Failed to read DnsHosts.
[0809/185458.343:WARNING:dns_config_service_win.cc(715)] Failed to read DnsHosts.
[0809/185458.381:WARNING:dns_config_service_win.cc(715)] Failed to read DnsHosts.
[0809/185458.388:WARNING:dns_config_service_win.cc(715)] Failed to read DnsHosts.
[0809/185458.411:WARNING:dns_config_service_win.cc(715)] Failed to read DnsHosts.
[0809/185458.459:WARNING:dns_config_service_win.cc(715)] Failed to read DnsHosts.
[0809/185458.463:WARNING:dns_config_service_win.cc(715)] Failed to read DnsHosts.
[0809/185458.466:WARNING:dns_config_service_win.cc(715)] Failed to read DnsHosts.
[0809/185458.545:WARNING:dns_config_service_win.cc(715)] Failed to read DnsHosts.
[0809/185458.548:WARNING:dns_config_service_win.cc(715)] Failed to read DnsHosts.
[0809/185458.571:WARNING:dns_config_service_win.cc(715)] Failed to read DnsHosts.
[0809/185458.574:WARNING:dns_config_service_win.cc(715)] Failed to read DnsHosts.
[0809/185458.607:WARNING:dns_config_service_win.cc(715)] Failed to read DnsHosts.
[0809/185458.657:WARNING:dns_config_service_win.cc(715)] Failed to read DnsHosts.
[0809/185458.729:WARNING:dns_config_service_win.cc(715)] Failed to read DnsHosts.
[0809/185458.733:WARNING:dns_config_service_win.cc(715)] Failed to read DnsHosts.
[0809/185458.763:WARNING:dns_config_service_win.cc(715)] Failed to read DnsHosts.
[0809/185458.766:WARNING:dns_config_service_win.cc(715)] Failed to read DnsHosts.
[0809/185458.820:WARNING:dns_config_service_win.cc(715)] Failed to read DnsHosts.
[0809/185458.851:WARNING:dns_config_service_win.cc(715)] Failed to read DnsHosts.
[0809/185458.893:WARNING:dns_config_service_win.cc(715)] Failed to read DnsHosts.
[0809/185458.894:WARNING:dns_config_service_win.cc(715)] Failed to read DnsHosts.
[0809/185458.936:WARNING:dns_config_service_win.cc(715)] Failed to read DnsHosts.
[0809/185458.985:WARNING:dns_config_service_win.cc(715)] Failed to read DnsHosts.
[0809/185459.095:WARNING:dns_config_service_win.cc(715)] Failed to read DnsHosts.
[0809/185459.165:WARNING:dns_config_service_win.cc(715)] Failed to read DnsHosts.
[0809/185459.167:WARNING:dns_config_service_win.cc(715)] Failed to read DnsHosts.
[0809/185459.201:WARNING:dns_config_service_win.cc(715)] Failed to read DnsHosts.
[0809/185459.269:WARNING:dns_config_service_win.cc(715)] Failed to read DnsHosts.
[0809/185459.282:WARNING:dns_config_service_win.cc(715)] Failed to read DnsHosts.
[0809/185459.286:WARNING:dns_config_service_win.cc(715)] Failed to read DnsHosts.
[0809/185459.361:WARNING:dns_config_service_win.cc(715)] Failed to read DnsHosts.
[0809/185459.407:WARNING:dns_config_service_win.cc(715)] Failed to read DnsHosts.
[0809/185459.409:WARNING:dns_config_service_win.cc(715)] Failed to read DnsHosts.
[0809/185459.436:WARNING:dns_config_service_win.cc(715)] Failed to read DnsHosts.
[0809/185459.439:WARNING:dns_config_service_win.cc(715)] Failed to read DnsHosts.
[0809/185459.499:WARNING:dns_config_service_win.cc(715)] Failed to read DnsHosts.
[0809/185459.501:WARNING:dns_config_service_win.cc(715)] Failed to read DnsHosts.
[0809/185459.584:WARNING:dns_config_service_win.cc(715)] Failed to read DnsHosts.
[0809/185459.615:WARNING:dns_config_service_win.cc(715)] Failed to read DnsHosts.
[0809/185459.620:WARNING:dns_config_service_win.cc(715)] Failed to read DnsHosts.
[0809/185459.655:WARNING:dns_config_service_win.cc(715)] Failed to read DnsHosts.
[0809/185459.658:WARNING:dns_config_service_win.cc(715)] Failed to read DnsHosts.
[0809/185459.706:WARNING:dns_config_service_win.cc(715)] Failed to read DnsHosts.
[0809/185459.707:WARNING:dns_config_service_win.cc(715)] Failed to read DnsHosts.
[0809/185459.793:WARNING:dns_config_service_win.cc(715)] Failed to read DnsHosts.
[0809/185459.797:WARNING:dns_config_service_win.cc(715)] Failed to read DnsHosts.
[0809/185459.893:WARNING:dns_config_service_win.cc(715)] Failed to read DnsHosts.
[0809/185459.962:WARNING:dns_config_service_win.cc(715)] Failed to read DnsHosts.
[0809/185459.963:WARNING:dns_config_service_win.cc(715)] Failed to read DnsHosts.
[0809/185459.969:WARNING:dns_config_service_win.cc(715)] Failed to read DnsHosts.
[0809/185500.036:WARNING:dns_config_service_win.cc(715)] Failed to read DnsHosts.
[0809/185500.185:WARNING:dns_config_service_win.cc(715)] Failed to read DnsHosts.
[0809/185500.188:WARNING:dns_config_service_win.cc(715)] Failed to read DnsHosts.
[0809/185500.231:WARNING:dns_config_service_win.cc(715)] Failed to read DnsHosts.
[0809/185500.293:WARNING:dns_config_service_win.cc(715)] Failed to read DnsHosts.
[0809/185500.445:WARNING:dns_config_service_win.cc(715)] Failed to read DnsHosts.
[0809/185500.542:WARNING:dns_config_service_win.cc(715)] Failed to read DnsHosts.
[0809/185500.543:WARNING:dns_config_service_win.cc(715)] Failed to read DnsHosts.
[0809/185500.683:WARNING:dns_config_service_win.cc(715)] Failed to read DnsHosts.
[0809/185500.686:WARNING:dns_config_service_win.cc(715)] Failed to read DnsHosts.
[0809/185500.722:WARNING:dns_config_service_win.cc(715)] Failed to read DnsHosts.
[0809/185500.749:WARNING:dns_config_service_win.cc(715)] Failed to read DnsHosts.
[0809/185500.751:WARNING:dns_config_service_win.cc(715)] Failed to read DnsHosts.
[0809/185500.879:WARNING:dns_config_service_win.cc(715)] Failed to read DnsHosts.
[0809/185500.987:WARNING:dns_config_service_win.cc(715)] Failed to read DnsHosts.
[0809/185500.989:WARNING:dns_config_service_win.cc(715)] Failed to read DnsHosts.
[0809/185501.030:WARNING:dns_config_service_win.cc(715)] Failed to read DnsHosts.
[0809/185501.031:WARNING:dns_config_service_win.cc(715)] Failed to read DnsHosts.
[0809/191928.151:WARNING:dns_config_service_win.cc(668)] Failed to read DnsConfig.
[0809/191933.173:WARNING:dns_config_service_win.cc(668)] Failed to read DnsConfig.
[0809/192040.813:WARNING:dns_config_service_win.cc(668)] Failed to read DnsConfig.
[0809/192045.829:WARNING:dns_config_service_win.cc(668)] Failed to read DnsConfig.
[0809/192050.847:WARNING:dns_config_service_win.cc(668)] Failed to read DnsConfig.
[0809/192055.864:WARNING:dns_config_service_win.cc(668)] Failed to read DnsConfig.
[0809/192100.883:WARNING:dns_config_service_win.cc(668)] Failed to read DnsConfig.
[0809/192105.905:WARNING:dns_config_service_win.cc(668)] Failed to read DnsConfig.
[0809/192110.912:WARNING:dns_config_service_win.cc(668)] Failed to read DnsConfig.
[0809/192115.923:WARNING:dns_config_service_win.cc(668)] Failed to read DnsConfig.
[0809/192120.942:WARNING:dns_config_service_win.cc(668)] Failed to read DnsConfig.
[0809/192125.960:WARNING:dns_config_service_win.cc(668)] Failed to read DnsConfig.
[0809/192130.979:WARNING:dns_config_service_win.cc(668)] Failed to read DnsConfig.
[0809/192135.997:WARNING:dns_config_service_win.cc(668)] Failed to read DnsConfig.
[0809/193858.661:ERROR:browser_gpu_channel_host_factory.cc(139)] Failed to launch GPU process.
[0809/193859.504:ERROR:local_storage_context_mojo.cc(706)] Lost connection to database
